[    0.000000] Initializing cgroup subsys cpuset
[    0.000000] Initializing cgroup subsys cpu
[    0.000000] Initializing cgroup subsys cpuacct
[    0.000000] Linux version 4.4.0-210-generic (buildd@lgw01-amd64-009) (gcc version 5.4.0 20160609 (Ubuntu 5.4.0-6ubuntu1~16.04.12) ) #242-Ubuntu SMP Fri Apr 16 09:57:56 UTC 2021 (Ubuntu 4.4.0-210.242-generic 4.4.262)
[    0.000000] Command line: BOOT_IMAGE=/boot/vmlinuz-4.4.0-210-generic root=LABEL=cloudimg-rootfs ro console=tty1 console=ttyS0
[    0.000000] KERNEL supported cpus:
[    0.000000]   Intel GenuineIntel
[    0.000000]   AMD AuthenticAMD
[    0.000000]   Centaur CentaurHauls
[    0.000000] x86/fpu: xstate_offset[2]:  576, xstate_sizes[2]:  256
[    0.000000] x86/fpu: Supporting XSAVE feature 0x01: 'x87 floating point registers'
[    0.000000] x86/fpu: Supporting XSAVE feature 0x02: 'SSE registers'
[    0.000000] x86/fpu: Supporting XSAVE feature 0x04: 'AVX registers'
[    0.000000] x86/fpu: Enabled xstate features 0x7, context size is 832 bytes, using 'standard' format.
[    0.000000] e820: BIOS-provided physical RAM map:
[    0.000000] BIOS-e820: [mem 0x0000000000000000-0x000000000009fbff] usable
[    0.000000] BIOS-e820: [mem 0x000000000009fc00-0x000000000009ffff] reserved
[    0.000000] BIOS-e820: [mem 0x00000000000f0000-0x00000000000fffff] reserved
[    0.000000] BIOS-e820: [mem 0x0000000000100000-0x000000001ffeffff] usable
[    0.000000] BIOS-e820: [mem 0x000000001fff0000-0x000000001fffffff] ACPI data
[    0.000000] BIOS-e820: [mem 0x00000000fec00000-0x00000000fec00fff] reserved
[    0.000000] BIOS-e820: [mem 0x00000000fee00000-0x00000000fee00fff] reserved
[    0.000000] BIOS-e820: [mem 0x00000000fffc0000-0x00000000ffffffff] reserved
[    0.000000] NX (Execute Disable) protection: active
[    0.000000] SMBIOS 2.5 present.
[    0.000000] Hypervisor detected: KVM
[    0.000000] e820: last_pfn = 0x1fff0 max_arch_pfn = 0x400000000
[    0.000000] MTRR: Disabled
[    0.000000] x86/PAT: MTRRs disabled, skipping PAT initialization too.
[    0.000000] CPU MTRRs all blank - virtualized system.
[    0.000000] x86/PAT: Configuration [0-7]: WB  WT  UC- UC  WB  WT  UC- UC  
[    0.000000] found SMP MP-table at [mem 0x0009fff0-0x0009ffff] mapped at [ffff88000009fff0]
[    0.000000] Scanning 1 areas for low memory corruption
[    0.000000] RAMDISK: [mem 0x1e8c2000-0x1f74bfff]
[    0.000000] ACPI: Early table checksum verification disabled
[    0.000000] ACPI: RSDP 0x00000000000E0000 000024 (v02 VBOX  )
[    0.000000] ACPI: XSDT 0x000000001FFF0030 00003C (v01 VBOX   VBOXXSDT 00000001 ASL  00000061)
[    0.000000] ACPI: FACP 0x000000001FFF00F0 0000F4 (v04 VBOX   VBOXFACP 00000001 ASL  00000061)
[    0.000000] ACPI: DSDT 0x000000001FFF0470 002325 (v02 VBOX   VBOXBIOS 00000002 INTL 20100528)
[    0.000000] ACPI: FACS 0x000000001FFF0200 000040
[    0.000000] ACPI: FACS 0x000000001FFF0200 000040
[    0.000000] ACPI: APIC 0x000000001FFF0240 00005C (v02 VBOX   VBOXAPIC 00000001 ASL  00000061)
[    0.000000] ACPI: SSDT 0x000000001FFF02A0 0001CC (v01 VBOX   VBOXCPUT 00000002 INTL 20100528)
[    0.000000] No NUMA configuration found
[    0.000000] Faking a node at [mem 0x0000000000000000-0x000000001ffeffff]
[    0.000000] NODE_DATA(0) allocated [mem 0x1ffeb000-0x1ffeffff]
[    0.000000] kvm-clock: Using msrs 4b564d01 and 4b564d00
[    0.000000] kvm-clock: cpu 0, msr 0:1ffe3001, primary cpu clock
[    0.000000] kvm-clock: using sched offset of 3970369059 cycles
[    0.000000] clocksource: kvm-clock: mask: 0xffffffffffffffff max_cycles: 0x1cd42e4dffb, max_idle_ns: 881590591483 ns
[    0.000000] Zone ranges:
[    0.000000]   DMA      [mem 0x0000000000001000-0x0000000000ffffff]
[    0.000000]   DMA32    [mem 0x0000000001000000-0x000000001ffeffff]
[    0.000000]   Normal   empty
[    0.000000]   Device   empty
[    0.000000] Movable zone start for each node
[    0.000000] Early memory node ranges
[    0.000000]   node   0: [mem 0x0000000000001000-0x000000000009efff]
[    0.000000]   node   0: [mem 0x0000000000100000-0x000000001ffeffff]
[    0.000000] Initmem setup node 0 [mem 0x0000000000001000-0x000000001ffeffff]
[    0.000000] ACPI: PM-Timer IO Port: 0x4008
[    0.000000] IOAPIC[0]: apic_id 2, version 32, address 0xfec00000, GSI 0-23
[    0.000000] ACPI: INT_SRC_OVR (bus 0 bus_irq 0 global_irq 2 dfl dfl)
[    0.000000] ACPI: INT_SRC_OVR (bus 0 bus_irq 9 global_irq 9 low level)
[    0.000000] Using ACPI (MADT) for SMP configuration information
[    0.000000] smpboot: Allowing 2 CPUs, 0 hotplug CPUs
[    0.000000] PM: Registered nosave memory: [mem 0x00000000-0x00000fff]
[    0.000000] PM: Registered nosave memory: [mem 0x0009f000-0x0009ffff]
[    0.000000] PM: Registered nosave memory: [mem 0x000a0000-0x000effff]
[    0.000000] PM: Registered nosave memory: [mem 0x000f0000-0x000fffff]
[    0.000000] e820: [mem 0x20000000-0xfebfffff] available for PCI devices
[    0.000000] Booting paravirtualized kernel on KVM
[    0.000000] clocksource: refined-jiffies: mask: 0xffffffff max_cycles: 0xffffffff, max_idle_ns: 7645519600211568 ns
[    0.000000] setup_percpu: NR_CPUS:512 nr_cpumask_bits:512 nr_cpu_ids:2 nr_node_ids:1
[    0.000000] PERCPU: Embedded 33 pages/cpu @ffff88001fc00000 s95192 r8192 d31784 u1048576
[    0.000000] Built 1 zonelists in Node order, mobility grouping on.  Total pages: 128888
[    0.000000] Policy zone: DMA32
[    0.000000] Kernel command line: BOOT_IMAGE=/boot/vmlinuz-4.4.0-210-generic root=LABEL=cloudimg-rootfs ro console=tty1 console=ttyS0
[    0.000000] PID hash table entries: 2048 (order: 2, 16384 bytes)
[    0.000000] Memory: 481712K/523832K available (8644K kernel code, 1332K rwdata, 4044K rodata, 1492K init, 1164K bss, 42120K reserved, 0K cma-reserved)
[    0.000000] SLUB: HWalign=64, Order=0-3, MinObjects=0, CPUs=2, Nodes=1
[    0.000000] Kernel/User page tables isolation: enabled
[    0.000000] Hierarchical RCU implementation.
[    0.000000] 	Build-time adjustment of leaf fanout to 64.
[    0.000000] 	RCU restricting CPUs from NR_CPUS=512 to nr_cpu_ids=2.
[    0.000000] RCU: Adjusting geometry for rcu_fanout_leaf=64, nr_cpu_ids=2
[    0.000000] NR_IRQS:33024 nr_irqs:440 16
[    0.000000] Console: colour VGA+ 80x25
[    0.000000] console [tty1] enabled
[    0.000000] console [ttyS0] enabled
[    0.000000] tsc: Detected 1800.003 MHz processor
[    0.175041] Calibrating delay loop (skipped) preset value.. 3600.00 BogoMIPS (lpj=7200012)
[    0.177248] pid_max: default: 32768 minimum: 301
[    0.178558] ACPI: Core revision 20150930
[    0.181244] ACPI: 2 ACPI AML tables successfully acquired and loaded
[    0.183109] Security Framework initialized
[    0.184261] Yama: becoming mindful.
[    0.185262] AppArmor: AppArmor initialized
[    0.186463] Dentry cache hash table entries: 65536 (order: 7, 524288 bytes)
[    0.188206] Inode-cache hash table entries: 32768 (order: 6, 262144 bytes)
[    0.189935] Mount-cache hash table entries: 1024 (order: 1, 8192 bytes)
[    0.191697] Mountpoint-cache hash table entries: 1024 (order: 1, 8192 bytes)
[    0.193487] Initializing cgroup subsys io
[    0.194636] Initializing cgroup subsys memory
[    0.195858] Initializing cgroup subsys devices
[    0.197014] Initializing cgroup subsys freezer
[    0.198203] Initializing cgroup subsys net_cls
[    0.199512] Initializing cgroup subsys perf_event
[    0.200715] Initializing cgroup subsys net_prio
[    0.201909] Initializing cgroup subsys hugetlb
[    0.203138] Initializing cgroup subsys pids
[    0.218825] mce: CPU supports 0 MCE banks
[    0.219994] Last level iTLB entries: 4KB 64, 2MB 8, 4MB 8
[    0.221340] Last level dTLB entries: 4KB 64, 2MB 0, 4MB 0, 1GB 4
[    0.222867] Spectre V1 : Mitigation: usercopy/swapgs barriers and __user pointer sanitization
[    0.225076] Spectre V2 : Mitigation: Full generic retpoline
[    0.226539] Spectre V2 : Spectre v2 / SpectreRSB mitigation: Filling RSB on context switch
[    0.228677] Speculative Store Bypass: Vulnerable
[    0.229886] SRBDS: Unknown: Dependent on hypervisor status
[    0.231509] MDS: Mitigation: Clear CPU buffers
[    0.235752] Freeing SMP alternatives memory: 36K
[    0.243695] ftrace: allocating 32380 entries in 127 pages
[    0.310160] smpboot: APIC(0) Converting physical 0 to logical package 0
[    0.311892] smpboot: Max logical packages: 1
[    0.313374] x2apic enabled
[    0.314561] Switched APIC routing to physical x2apic.
[    0.317311] ..TIMER: vector=0x30 apic1=0 pin1=2 apic2=-1 pin2=-1
[    0.426904] smpboot: CPU0: Intel(R) Core(TM) i5-8250U CPU @ 1.60GHz (family: 0x6, model: 0x8e, stepping: 0xa)
[    0.429748] Performance Events: unsupported p6 CPU model 142 no PMU driver, software events only.
[    0.443526] KVM setup paravirtual spinlock
[    0.445404] x86: Booting SMP configuration:
[    0.446584] .... node  #0, CPUs:      #1
[    0.447783] kvm-clock: cpu 1, msr 0:1ffe3041, secondary cpu clock
[    0.463733] mce: CPU supports 0 MCE banks
[    0.466880] x86: Booted up 1 node, 2 CPUs
[    0.468557] smpboot: Total of 2 processors activated (7200.01 BogoMIPS)
[    0.473803] devtmpfs: initialized
[    0.476452] evm: security.selinux
[    0.477488] evm: security.SMACK64
[    0.478454] evm: security.SMACK64EXEC
[    0.479573] evm: security.SMACK64TRANSMUTE
[    0.480775] evm: security.SMACK64MMAP
[    0.481805] evm: security.ima
[    0.482686] evm: security.capability
[    0.483935] clocksource: jiffies: mask: 0xffffffff max_cycles: 0xffffffff, max_idle_ns: 7645041785100000 ns
[    0.486387] futex hash table entries: 512 (order: 3, 32768 bytes)
[    0.488133] pinctrl core: initialized pinctrl subsystem
[    0.489642] RTC time:  6:41:00, date: 08/16/22
[    0.491334] NET: Registered protocol family 16
[    0.504505] cpuidle: using governor ladder
[    0.516475] cpuidle: using governor menu
[    0.518763] PCCT header not found.
[    0.521058] ACPI: bus type PCI registered
[    0.522851] acpiphp: ACPI Hot Plug PCI Controller Driver version: 0.5
[    0.525671] PCI: Using configuration type 1 for base access
[    0.541372] ACPI: Added _OSI(Module Device)
[    0.543875] ACPI: Added _OSI(Processor Device)
[    0.546295] ACPI: Added _OSI(3.0 _SCP Extensions)
[    0.549017] ACPI: Added _OSI(Processor Aggregator Device)
[    0.552844] ACPI: Executed 1 blocks of module-level executable AML code
[    0.558975] ACPI: Interpreter enabled
[    0.560417] ACPI: (supports S0 S5)
[    0.561602] ACPI: Using IOAPIC for interrupt routing
[    0.563337] PCI: Using host bridge windows from ACPI; if necessary, use "pci=nocrs" and report a bug
[    0.570202] ACPI: PCI Root Bridge [PCI0] (domain 0000 [bus 00-ff])
[    0.571730] acpi PNP0A03:00: _OSC: OS supports [ASPM ClockPM Segments MSI]
[    0.573690] acpi PNP0A03:00: _OSC: not requesting OS control; OS requires [ExtendedConfig ASPM ClockPM MSI]
[    0.576076] acpi PNP0A03:00: fail to add MMCONFIG information, can't access extended PCI configuration space under this bridge.
[    0.579085] PCI host bridge to bus 0000:00
[    0.580184] pci_bus 0000:00: root bus resource [io  0x0000-0x0cf7 window]
[    0.581767] pci_bus 0000:00: root bus resource [io  0x0d00-0xffff window]
[    0.583387] pci_bus 0000:00: root bus resource [mem 0x000a0000-0x000bffff window]
[    0.585449] pci_bus 0000:00: root bus resource [mem 0x20000000-0xfdffffff window]
[    0.587430] pci_bus 0000:00: root bus resource [bus 00-ff]
[    0.590738] pci 0000:00:01.1: legacy IDE quirk: reg 0x10: [io  0x01f0-0x01f7]
[    0.592573] pci 0000:00:01.1: legacy IDE quirk: reg 0x14: [io  0x03f6]
[    0.594184] pci 0000:00:01.1: legacy IDE quirk: reg 0x18: [io  0x0170-0x0177]
[    0.609071] pci 0000:00:01.1: legacy IDE quirk: reg 0x1c: [io  0x0376]
[    0.620921] pci 0000:00:07.0: quirk: [io  0x4000-0x403f] claimed by PIIX4 ACPI
[    0.622899] pci 0000:00:07.0: quirk: [io  0x4100-0x410f] claimed by PIIX4 SMB
[    0.630984] ACPI: PCI Interrupt Link [LNKA] (IRQs 5 9 10 *11)
[    0.633399] ACPI: PCI Interrupt Link [LNKB] (IRQs 5 9 *10 11)
[    0.635526] ACPI: PCI Interrupt Link [LNKC] (IRQs 5 *9 10 11)
[    0.637849] ACPI: PCI Interrupt Link [LNKD] (IRQs 5 9 10 *11)
[    0.639956] ACPI: Enabled 2 GPEs in block 00 to 07
[    0.641488] vgaarb: setting as boot device: PCI:0000:00:02.0
[    0.642786] vgaarb: device added: PCI:0000:00:02.0,decodes=io+mem,owns=io+mem,locks=none
[    0.644834] vgaarb: loaded
[    0.645626] vgaarb: bridge control possible 0000:00:02.0
[    0.647092] SCSI subsystem initialized
[    0.648184] ACPI: bus type USB registered
[    0.649258] usbcore: registered new interface driver usbfs
[    0.650547] usbcore: registered new interface driver hub
[    0.651858] usbcore: registered new device driver usb
[    0.653245] PCI: Using ACPI for IRQ routing
[    0.654610] NetLabel: Initializing
[    0.655552] NetLabel:  domain hash size = 128
[    0.656621] NetLabel:  protocols = UNLABELED CIPSOv4
[    0.657815] NetLabel:  unlabeled traffic allowed by default
[    0.659262] amd_nb: Cannot enumerate AMD northbridges
[    0.660520] clocksource: Switched to clocksource kvm-clock
[    0.670271] AppArmor: AppArmor Filesystem Enabled
[    0.671617] pnp: PnP ACPI init
[    0.673472] pnp: PnP ACPI: found 3 devices
[    0.683415] clocksource: acpi_pm: mask: 0xffffff max_cycles: 0xffffff, max_idle_ns: 2085701024 ns
[    0.685772] NET: Registered protocol family 2
[    0.687113] TCP established hash table entries: 4096 (order: 3, 32768 bytes)
[    0.688809] TCP bind hash table entries: 4096 (order: 4, 65536 bytes)
[    0.690428] TCP: Hash tables configured (established 4096 bind 4096)
[    0.691946] UDP hash table entries: 256 (order: 1, 8192 bytes)
[    0.693434] UDP-Lite hash table entries: 256 (order: 1, 8192 bytes)
[    0.694959] NET: Registered protocol family 1
[    0.696113] pci 0000:00:00.0: Limiting direct PCI/PCI transfers
[    0.697603] pci 0000:00:01.0: Activating ISA DMA hang workarounds
[    0.702048] Unpacking initramfs...
[    0.938400] Freeing initrd memory: 14888K
[    0.939693] clocksource: tsc: mask: 0xffffffffffffffff max_cycles: 0x19f22c73312, max_idle_ns: 440795259572 ns
[    0.942348] platform rtc_cmos: registered platform RTC device (no PNP device found)
[    0.944480] Scanning for low memory corruption every 60 seconds
[    0.946558] audit: initializing netlink subsys (disabled)
[    0.947947] audit: type=2000 audit(1660632065.896:1): initialized
[    0.949794] Initialise system trusted keyring
[    0.951349] HugeTLB registered 2 MB page size, pre-allocated 0 pages
[    0.954270] zbud: loaded
[    0.955588] VFS: Disk quotas dquot_6.6.0
[    0.956720] VFS: Dquot-cache hash table entries: 512 (order 0, 4096 bytes)
[    0.958621] squashfs: version 4.0 (2009/01/31) Phillip Lougher
[    0.960346] fuse init (API version 7.23)
[    0.961653] Key type big_key registered
[    0.962746] Allocating IMA MOK and blacklist keyrings.
[    0.965577] Key type asymmetric registered
[    0.966708] Asymmetric key parser 'x509' registered
[    0.967989] Block layer SCSI generic (bsg) driver version 0.4 loaded (major 249)
[    0.970087] io scheduler noop registered
[    0.971177] io scheduler deadline registered (default)
[    0.972526] io scheduler cfq registered
[    0.973705] pci_hotplug: PCI Hot Plug PCI Core version: 0.5
[    0.975202] pciehp: PCI Express Hot Plug Controller Driver version: 0.4
[    0.976979] ACPI: AC Adapter [AC] (on-line)
[    0.978237] input: Power Button as /devices/LNXSYSTM:00/LNXPWRBN:00/input/input0
[    0.980295] ACPI: Power Button [PWRF]
[    0.981550] input: Sleep Button as /devices/LNXSYSTM:00/LNXSLPBN:00/input/input1
[    0.983550] ACPI: Sleep Button [SLPF]
[    0.984885] GHES: HEST is not enabled!
[    0.986660] ACPI: Battery Slot [BAT0] (battery present)
[    0.988036] Serial: 8250/16550 driver, 32 ports, IRQ sharing enabled
[    1.010231] 00:02: ttyS0 at I/O 0x3f8 (irq = 4, base_baud = 115200) is a 16550A
[    1.013200] Linux agpgart interface v0.103
[    1.016012] loop: module loaded
[    1.017646] scsi host0: ata_piix
[    1.018787] scsi host1: ata_piix
[    1.019793] ata1: PATA max UDMA/33 cmd 0x1f0 ctl 0x3f6 bmdma 0xd000 irq 14
[    1.021524] ata2: PATA max UDMA/33 cmd 0x170 ctl 0x376 bmdma 0xd008 irq 15
[    1.023242] libphy: Fixed MDIO Bus: probed
[    1.024381] tun: Universal TUN/TAP device driver, 1.6
[    1.025759] tun: (C) 1999-2004 Max Krasnyansky <maxk@qualcomm.com>
[    1.027311] PPP generic driver version 2.4.2
[    1.028518] ehci_hcd: USB 2.0 'Enhanced' Host Controller (EHCI) Driver
[    1.030249] ehci-pci: EHCI PCI platform driver
[    1.031440] ehci-platform: EHCI generic platform driver
[    1.032827] ohci_hcd: USB 1.1 'Open' Host Controller (OHCI) Driver
[    1.034413] ohci-pci: OHCI PCI platform driver
[    1.035647] ohci-platform: OHCI generic platform driver
[    1.037041] uhci_hcd: USB Universal Host Controller Interface driver
[    1.038647] i8042: PNP: PS/2 Controller [PNP0303:PS2K,PNP0f03:PS2M] at 0x60,0x64 irq 1,12
[    1.041402] serio: i8042 KBD port at 0x60,0x64 irq 1
[    1.042729] serio: i8042 AUX port at 0x60,0x64 irq 12
[    1.044120] mousedev: PS/2 mouse device common for all mice
[    1.046072] rtc_cmos rtc_cmos: rtc core: registered rtc_cmos as rtc0
[    1.047761] rtc_cmos rtc_cmos: alarms up to one day, 114 bytes nvram
[    1.049420] i2c /dev entries driver
[    1.051237] device-mapper: uevent: version 1.0.3
[    1.052667] input: AT Translated Set 2 keyboard as /devices/platform/i8042/serio0/input/input2
[    1.055099] device-mapper: ioctl: 4.34.0-ioctl (2015-10-28) initialised: dm-devel@redhat.com
[    1.057498] ledtrig-cpu: registered to indicate activity on CPUs
[    1.059367] NET: Registered protocol family 10
[    1.060863] NET: Registered protocol family 17
[    1.062070] Key type dns_resolver registered
[    1.063433] registered taskstats version 1
[    1.064903] Loading compiled-in X.509 certificates
[    1.066743] Loaded X.509 cert 'Build time autogenerated kernel key: cf00e047681d67edb2720680708b7d9498083038'
[    1.069293] zswap: loaded using pool lzo/zbud
[    1.072667] Key type trusted registered
[    1.077009] Key type encrypted registered
[    1.078259] AppArmor: AppArmor sha1 policy hashing enabled
[    1.079731] ima: No TPM chip found, activating TPM-bypass!
[    1.081206] ima: Allocated hash algorithm: sha1
[    1.082439] evm: HMAC attrs: 0x1
[    1.083825]   Magic number: 2:980:670
[    1.085081] rtc_cmos rtc_cmos: setting system clock to 2022-08-16 06:41:01 UTC (1660632061)
[    1.087550] BIOS EDD facility v0.16 2004-Jun-25, 0 devices found
[    1.089053] EDD information not available.
[    2.058111] Freeing unused kernel memory: 1492K
[    2.065658] Write protecting the kernel read-only data: 14336k
[    2.068634] Freeing unused kernel memory: 1584K
[    2.070634] Freeing unused kernel memory: 52K
Loading, please wait...
starting version 229
[    2.087372] random: systemd-udevd: uninitialized urandom read (16 bytes read, 5 bits of entropy available)
[    2.087985] random: udevadm: uninitialized urandom read (16 bytes read, 5 bits of entropy available)
[    2.088017] random: udevadm: uninitialized urandom read (16 bytes read, 5 bits of entropy available)
[    2.097524] random: systemd-udevd: uninitialized urandom read (16 bytes read, 5 bits of entropy available)
[    2.099932] random: udevadm: uninitialized urandom read (16 bytes read, 5 bits of entropy available)
[    2.099943] random: systemd-udevd: uninitialized urandom read (16 bytes read, 5 bits of entropy available)
[    2.099973] random: systemd-udevd: uninitialized urandom read (16 bytes read, 5 bits of entropy available)
[    2.100923] random: systemd-udevd: uninitialized urandom read (16 bytes read, 5 bits of entropy available)
[    2.100959] random: systemd-udevd: uninitialized urandom read (16 bytes read, 5 bits of entropy available)
[    2.100981] random: systemd-udevd: uninitialized urandom read (16 bytes read, 5 bits of entropy available)
[    2.157638] e1000: Intel(R) PRO/1000 Network Driver - version 7.3.21-k8-NAPI
[    2.159380] e1000: Copyright (c) 1999-2006 Intel Corporation.
[    2.160980] Fusion MPT base driver 3.04.20
[    2.162156] Copyright (c) 1999-2008 LSI Corporation
[    2.191069] Fusion MPT SPI Host driver 3.04.20
[    2.194549] AVX2 version of gcm_enc/dec engaged.
[    2.195820] AES CTR mode by8 optimization enabled
[    2.380868] input: ImExPS/2 Generic Explorer Mouse as /devices/platform/i8042/serio1/input/input4
[    2.542783] e1000 0000:00:03.0 eth0: (PCI:33MHz:32-bit) 02:be:82:6b:cc:1d
[    2.545206] e1000 0000:00:03.0 eth0: Intel(R) PRO/1000 Network Connection
[    4.064346] e1000 0000:00:08.0 eth1: (PCI:33MHz:32-bit) 08:00:27:f2:b9:28
[    4.069444] e1000 0000:00:08.0 eth1: Intel(R) PRO/1000 Network Connection
[    4.072308] e1000 0000:00:08.0 enp0s8: renamed from eth1
[    4.072765] mptbase: ioc0: Initiating bringup
[    4.085127] e1000 0000:00:03.0 enp0s3: renamed from eth0
[    4.137797] ioc0: LSI53C1030 A0: Capabilities={Initiator}
[    4.311174] scsi host2: ioc0: LSI53C1030 A0, FwRev=00000000h, Ports=1, MaxQ=256, IRQ=20
[    4.434153] scsi 2:0:0:0: Direct-Access     VBOX     HARDDISK         1.0  PQ: 0 ANSI: 5
[    4.444086] scsi target2:0:0: Beginning Domain Validation
[    4.456834] scsi target2:0:0: Domain Validation skipping write tests
[    4.460126] scsi target2:0:0: Ending Domain Validation
[    4.461642] scsi target2:0:0: asynchronous
[    4.463713] scsi 2:0:1:0: Direct-Access     VBOX     HARDDISK         1.0  PQ: 0 ANSI: 5
[    4.479113] scsi target2:0:1: Beginning Domain Validation
[    4.482684] scsi target2:0:1: Domain Validation skipping write tests
[    4.484201] scsi target2:0:1: Ending Domain Validation
[    4.485630] scsi target2:0:1: asynchronous
[    4.492964] sd 2:0:0:0: [sda] 83886080 512-byte logical blocks: (42.9 GB/40.0 GiB)
[    4.494960] sd 2:0:0:0: Attached scsi generic sg0 type 0
[    4.496520] sd 2:0:1:0: [sdb] 20480 512-byte logical blocks: (10.5 MB/10.0 MiB)
[    4.498497] sd 2:0:1:0: Attached scsi generic sg1 type 0
[    4.499784] sd 2:0:0:0: [sda] Write Protect is off
[    4.501048] sd 2:0:1:0: [sdb] Write Protect is off
[    4.502368] sd 2:0:0:0: [sda] Incomplete mode parameter data
[    4.503711] sd 2:0:0:0: [sda] Assuming drive cache: write through
[    4.505159] sd 2:0:1:0: [sdb] Incomplete mode parameter data
[    4.506506] sd 2:0:1:0: [sdb] Assuming drive cache: write through
[    4.518269]  sda: sda1
[    4.521499] sd 2:0:0:0: [sda] Attached SCSI disk
[    4.538676] sd 2:0:1:0: [sdb] Attached SCSI disk
Begin: Loading essential drivers ... [    6.058675] md: linear personality registered for level -1
[    6.062646] md: multipath personality registered for level -4
[    6.066365] md: raid0 personality registered for level 0
[    6.071073] md: raid1 personality registered for level 1
[    6.140602] raid6: sse2x1   gen() 11896 MB/s
[    6.208687] raid6: sse2x1   xor()  8788 MB/s
[    6.276685] raid6: sse2x2   gen() 14717 MB/s
[    6.344613] raid6: sse2x2   xor() 10068 MB/s
[    6.412558] raid6: sse2x4   gen() 17054 MB/s
[    6.480684] raid6: sse2x4   xor() 10675 MB/s
[    6.548602] raid6: avx2x1   gen() 20677 MB/s
[    6.616683] raid6: avx2x2   gen() 26545 MB/s
[    6.684678] raid6: avx2x4   gen() 29237 MB/s
[    6.685806] raid6: using algorithm avx2x4 gen() 29237 MB/s
[    6.687167] raid6: using avx2x2 recovery algorithm
[    6.689410] xor: automatically using best checksumming function:
[    6.728537]    avx       : 21384.000 MB/sec
[    6.730557] async_tx: api initialized (async)
[    6.740196] md: raid6 personality registered for level 6
[    6.741599] md: raid5 personality registered for level 5
[    6.742930] md: raid4 personality registered for level 4
[    6.750649] md: raid10 personality registered for level 10
done.
Begin: Running /scripts/init-premount ... done.
Begin: Mounting root file system ... Begin: Running /scripts/local-top ... done.
Begin: Running /scripts/local-premount ... [    6.782698] Btrfs loaded
Scanning for Btrfs filesystems
done.
Warning: fsck not present, so skipping root file system
[    6.831357] EXT4-fs (sda1): mounted filesystem with ordered data mode. Opts: (null)
done.
Begin: Running /scripts/local-bottom ... done.
Begin: Running /scripts/init-bottom ... done.
[    7.319362] systemd[1]: systemd 229 running in system mode. (+PAM +AUDIT +SELINUX +IMA +APPARMOR +SMACK +SYSVINIT +UTMP +LIBCRYPTSETUP +GCRYPT +GNUTLS +ACL +XZ -LZ4 +SECCOMP +BLKID +ELFUTILS +KMOD -IDN)
[    7.323634] systemd[1]: Detected virtualization oracle.
[    7.324985] systemd[1]: Detected architecture x86-64.

Welcome to [1mUbuntu 16.04.7 LTS[0m!

[    7.357650] systemd[1]: Set hostname to <ubuntu>.
[    7.380777] systemd[1]: Initializing machine ID from random generator.
[    7.387124] systemd[1]: Installed transient /etc/machine-id file.
[    7.622394] random: nonblocking pool is initialized
[    8.193865] systemd[1]: Listening on Device-mapper event daemon FIFOs.
[[0;32m  OK  [0m] Listening on Device-mapper event daemon FIFOs.
[    8.196661] systemd[1]: Listening on udev Kernel Socket.
[[0;32m  OK  [0m] Listening on udev Kernel Socket.
[    8.198984] systemd[1]: Listening on udev Control Socket.
[[0;32m  OK  [0m] Listening on udev Control Socket.
[    8.201362] systemd[1]: Listening on Syslog Socket.
[[0;32m  OK  [0m] Listening on Syslog Socket.
[    8.203547] systemd[1]: Started Trigger resolvconf update for networkd DNS.
[[0;32m  OK  [0m] Started Trigger resolvconf update for networkd DNS.
[    8.206602] systemd[1]: Created slice System Slice.
[[0;32m  OK  [0m] Created slice System Slice.
[    8.208815] systemd[1]: Reached target Encrypted Volumes.
[[0;32m  OK  [0m] Reached target Encrypted Volumes.
[    8.211138] systemd[1]: Listening on fsck to fsckd communication Socket.
[[0;32m  OK  [0m] Listening on fsck to fsckd communication Socket.
[    8.213831] systemd[1]: Reached target User and Group Name Lookups.
[[0;32m  OK  [0m] Reached target User and Group Name Lookups.
[    8.216440] systemd[1]: Listening on Journal Audit Socket.
[[0;32m  OK  [0m] Listening on Journal Audit Socket.
[    8.219084] systemd[1]: Created slice system-serial\x2dgetty.slice.
[[0;32m  OK  [0m] Created slice system-serial\x2dgetty.slice.
[    8.221658] systemd[1]: Reached target Swap.
[[0;32m  OK  [0m] Reached target Swap.
[    8.223666] systemd[1]: Listening on LVM2 poll daemon socket.
[[0;32m  OK  [0m] Listening on LVM2 poll daemon socket.
[    8.309782] systemd[1]: Reached target System Time Synchronized.
[[0;32m  OK  [0m] Reached target System Time Synchronized.
[    8.319974] systemd[1]: Started Forward Password Requests to Wall Directory Watch.
[[0;32m  OK  [0m] Started Forward Password Requests to Wall Directory Watch.
[    8.330590] systemd[1]: Listening on /dev/initctl Compatibility Named Pipe.
[[0;32m  OK  [0m] Listening on /dev/initctl Compatibility Named Pipe.
[    8.336502] systemd[1]: Set up automount Arbitrary Executable File Formats File System Automount Point.
[[0;32m  OK  [0m] Set up automount Arbitrary Executab...ats File System Automount Point.
[    8.344495] systemd[1]: Created slice User and Session Slice.
[[0;32m  OK  [0m] Created slice User and Session Slice.
[    8.349627] systemd[1]: Reached target Slices.
[[0;32m  OK  [0m] Reached target Slices.
[    8.361342] systemd[1]: Listening on Journal Socket.
[[0;32m  OK  [0m] Listening on Journal Socket.
[    8.385830] systemd[1]: Starting File System Check on Root Device...
         Starting File System Check on Root Device...
[    8.394511] systemd[1]: Mounting Huge Pages File System...
         Mounting Huge Pages File System...
[    8.397628] systemd[1]: Starting Uncomplicated firewall...
         Starting Uncomplicated firewall...
[    8.445685] systemd[1]: Starting Load Kernel Modules...
         Starting Load Kernel Modules...
[    8.454983] systemd[1]: Starting Set console keymap...
         Starting Set console keymap...
[    8.465871] systemd[1]: Mounting Debug File System...
         Mounting Debug File System...
[    8.509773] systemd[1]: Starting Nameserver information manager...
         Starting Nameserver information manager...
[    8.522392] systemd[1]: Starting Create list of required static device nodes for the current kernel...
         Starting Create list of required st... nodes for the current kernel...
[    8.537038] systemd[1]: Listening on Journal Socket (/dev/log).
[[0;32m  OK  [0m] Listening on Journal Socket (/dev/log).
[    8.542985] systemd[1]: Starting Journal Service...
         Starting Journal Service...
[    8.547385] systemd[1]: Mounting POSIX Message Queue File System...
         Mounting POSIX Message Queue File System...
[    8.551373] systemd[1]: Listening on LVM2 metadata daemon socket.
[[0;32m  OK  [0m] Listening on LVM2 metadata daemon socket.
[    8.563348] systemd[1]: Starting Monitoring of LVM2 mirrors, snapshots etc. using dmeventd or progress polling...
         Starting Monitoring of LVM2 mirrors... dmeventd or progress polling...
[    8.575675] systemd[1]: Mounted Huge Pages File System.
[[0;32m  OK  [0m] Mounted Huge Pages File System.
[    8.585445] systemd[1]: Mounted POSIX Message Queue File System.
[[0;32m  OK  [0m] Mounted POSIX Message Queue File System.
[    8.593776] systemd[1]: Mounted Debug File System.
[[0;32m  OK  [0m] Mounted Debug File System.
[    8.599979] Loading iSCSI transport class v2.0-870.
[    8.606183] systemd[1]: Started Uncomplicated firewall.
[[0;32m  OK  [0m] Started Uncomplicated firewall.
[    8.629467] systemd[1]: Started Create list of required static device nodes for the current kernel.
[[0;32m  OK  [0m] Started Create list of required sta...ce nodes for the current kernel.
[    8.634468] systemd[1]: Started File System Check Daemon to report status.
[[0;32m  OK  [0m] Started File System Check Daemon to report status.
[    8.649538] systemd[1]: Starting Create Static Device Nodes in /dev...
         Starting Create Static Device Nodes in /dev...
[    8.693778] systemd[1]: Started Set console keymap.
[[0;32m  OK  [0m] Started Set console keymap.
[    8.776955] iscsi: registered transport (tcp)
[    8.782427] systemd[1]: Started File System Check on Root Device.
[[0;32m  OK  [0m] Started File System Check on Root Device.
[    8.801285] systemd[1]: Starting Remount Root and Kernel File Systems...
         Starting Remount Root and Kernel File Systems...
[    8.815693] systemd[1]: Started Nameserver information manager.
[[0;32m  OK  [0m] Started Nameserver information manager.
[    8.847042] EXT4-fs (sda1): re-mounted. Opts: (null)
[    8.850942] systemd[1]: Started Remount Root and Kernel File Systems.
[[0;32m  OK  [0m] Started Remount Root and Kernel File Systems.
[    8.869309] systemd[1]: Starting Load/Save Random Seed...
         Starting Load/Save Random Seed...
[    8.921887] systemd[1]: Starting udev Coldplug all Devices...
         Starting udev Coldplug all Devices...
[    8.929609] systemd[1]: Started Journal Service.
[[0;32m  OK  [0m] Started Journal Service.
         Starting Flush Journal to Persistent Storage...
[[0;32m  OK  [0m] Started Load/Save Random Seed.
[    9.013903] systemd-journald[388]: Received request to flush runtime journal from PID 1
[[0;32m  OK  [0m] Started Flush Journal to Persistent Storage.
[[0;32m  OK  [0m] Started udev Coldplug all Devices.
[[0;32m  OK  [0m] Started LVM2 metadata daemon.
[    9.172403] iscsi: registered transport (iser)
[[0;32m  OK  [0m] Started Load Kernel Modules.
         Starting Apply Kernel Variables...
         Mounting FUSE Control File System...
[[0;32m  OK  [0m] Mounted FUSE Control File System.
[[0;32m  OK  [0m] Started Monitoring of LVM2 mirrors,...ng dmeventd or progress polling.
[[0;32m  OK  [0m] Started Create Static Device Nodes in /dev.
[[0;32m  OK  [0m] Started Apply Kernel Variables.
         Starting udev Kernel Device Manager...
[[0;32m  OK  [0m] Reached target Local File Systems (Pre).
[[0;32m  OK  [0m] Reached target Local File Systems.
         Starting Create Volatile Files and Directories...
         Starting Commit a transient machine-id on disk...
         Starting Set console font and keymap...
         Starting Initial cloud-init job (pre-networking)...
         Starting Tell Plymouth To Write Out Runtime Data...
         Starting LSB: AppArmor initialization...
[[0;32m  OK  [0m] Started Commit a transient machine-id on disk.
[[0;32m  OK  [0m] Started Tell Plymouth To Write Out Runtime Data.
[[0;32m  OK  [0m] Started Create Volatile Files and Directories.
         Starting Update UTMP about System Boot/Shutdown...
[[0;32m  OK  [0m] Started Update UTMP about System Boot/Shutdown.
[[0;32m  OK  [0m] Started udev Kernel Device Manager.
[[0;32m  OK  [0m] Started Dispatch Password Requests to Console Directory Watch.
[[0;32m  OK  [0m] Found device /dev/ttyS0.
[[0;32m  OK  [0m] Started Set console font and keymap.
[[0;32m  OK  [0m] Listening on Load/Save RF Kill Switch Status /dev/rfkill Watch.
[[0;32m  OK  [0m] Created slice system-getty.slice.
[[0;32m  OK  [0m] Started LSB: AppArmor initialization.
         Starting Load AppArmor profiles managed internally by snapd...
[[0;32m  OK  [0m] Started Load AppArmor profiles managed internally by snapd.
[   14.032624] cloud-init[473]: Cloud-init v. 21.1-19-gbad84ad4-0ubuntu1~16.04.2 running 'init-local' at Tue, 16 Aug 2022 06:41:14 +0000. Up 13.43 seconds.
[[0;32m  OK  [0m] Started Initial cloud-init job (pre-networking).
[[0;32m  OK  [0m] Reached target Network (Pre).
         Starting Raise network interfaces...
[[0;32m  OK  [0m] Started Raise network interfaces.
         Starting Initial cloud-init job (metadata service crawler)...
[[0;32m  OK  [0m] Reached target Network.
[   16.685444] cloud-init[962]: Cloud-init v. 21.1-19-gbad84ad4-0ubuntu1~16.04.2 running 'init' at Tue, 16 Aug 2022 06:41:15 +0000. Up 14.82 seconds.
[   16.688195] cloud-init[962]: ci-info: ++++++++++++++++++++++++++++++++++++++Net device info+++++++++++++++++++++++++++++++++++++++
[   16.696487] cloud-init[962]: ci-info: +--------+-------+----------------------------+---------------+--------+-------------------+
[   16.697863] cloud-init[962]: ci-info: | Device |   Up  |          Address           |      Mask     | Scope  |     Hw-Address    |
[   16.698961] cloud-init[962]: ci-info: +--------+-------+----------------------------+---------------+--------+-------------------+
[   16.700756] cloud-init[962]: ci-info: | enp0s3 |  True |         10.0.2.15          | 255.255.255.0 | global | 02:be:82:6b:cc:1d |
[   16.702169] cloud-init[962]: ci-info: | enp0s3 |  True | fe80::be:82ff:fe6b:cc1d/64 |       .       |  link  | 02:be:82:6b:cc:1d |
[   16.703838] cloud-init[962]: ci-info: | enp0s8 | False |             .              |       .       |   .    | 08:00:27:f2:b9:28 |
[   16.705725] cloud-init[962]: ci-info: |   lo   |  True |         127.0.0.1          |   255.0.0.0   |  host  |         .         |
[   16.707577] cloud-init[962]: ci-info: |   lo   |  True |          ::1/128           |       .       |  host  |         .         |
[   16.709355] cloud-init[962]: ci-info: +--------+-------+----------------------------+---------------+--------+-------------------+
[   16.716531] cloud-init[962]: ci-info: +++++++++++++++++++++++++++Route IPv4 info++++++++++++++++++++++++++++
[   16.724522] cloud-init[962]: ci-info: +-------+-------------+----------+---------------+-----------+-------+
[   16.732490] cloud-init[962]: ci-info: | Route | Destination | Gateway  |    Genmask    | Interface | Flags |
[   16.740455] cloud-init[962]: ci-info: +-------+-------------+----------+---------------+-----------+-------+
[[0;32m  OK  [0m] Started Initial cloud-init job (metadata service crawler).
[   16.755102] cloud-init[962]: ci-info: |   0   |   0.0.0.0   | 10.0.2.2 |    0.0.0.0    |   enp0s3  |   UG  |
[   16.756261] cloud-init[962]: ci-info: |   1   |   10.0.2.0  | 0.0.0.0  | 255.255.255.0 |   enp0s3  |   U   |
[   16.756347] cloud-init[962]: ci-info: +-------+-------------+----------+---------------+-----------+-------+
[   16.756402] cloud-init[962]: ci-info: +++++++++++++++++++Route IPv6 info+++++++++++++++++++
[   16.756442] cloud-init[962]: ci-info: +-------+-------------+---------+-----------+-------+
[   16.756482] cloud-init[962]: ci-info: | Route | Destination | Gateway | Interface | Flags |
[   16.756557] cloud-init[962]: ci-info: +-------+-------------+---------+-----------+-------+
[   16.756600] cloud-init[962]: ci-info: |   0   |  fe80::/64  |    ::   |   enp0s3  |   U   |
[   16.756651] cloud-init[962]: ci-info: |   3   |   ff00::/8  |    ::   |   enp0s3  |   U   |
[   16.756733] cloud-init[962]: ci-info: +-------+-------------+---------+-----------+-------+
[   16.756788] cloud-init[962]: Generating public/private rsa key pair.
[   16.756828] cloud-init[962]: Your identification has been saved in /etc/ssh/ssh_host_rsa_key.
[   16.756870] cloud-init[962]: Your public key has been saved in /etc/ssh/ssh_host_rsa_key.pub.
[   16.756919] cloud-init[962]: The key fingerprint is:
[   16.756979] cloud-init[962]: SHA256:ZSQRHki4taZ39JsiV8xqb/oXfhekhFcjOVG2B5rq1/M root@ubuntu-xenial
[   16.757019] cloud-init[962]: The key's randomart image is:
[   16.757058] cloud-init[962]: +---[RSA 2048]----+
[   16.757114] cloud-init[962]: |     o..=o.  .=o |
[   16.757173] cloud-init[962]: |    . o. +   *.+.|
[   16.757212] cloud-init[962]: |     o .. o + +.o|
[   16.757252] cloud-init[962]: |    . o .o o o ..|
[   16.757306] cloud-init[962]: |     o .S+. o o  |
[   16.757362] cloud-init[962]: |    . . ..= .o . |
[   16.757441] cloud-init[962]: |     . . o.+..o .|
[   16.757930] cloud-init[962]: |      . = +.o .o.|
[   16.758237] cloud-init[962]: |       +.*o. . .E|
[   16.758710] cloud-init[962]: +----[SHA256]-----+
[   16.759013] cloud-init[962]: Generating public/private dsa key pair.
[   16.759324] cloud-init[962]: Your identification has been saved in /etc/ssh/ssh_host_dsa_key.
[   16.759801] cloud-init[[0;32m  OK  [0m] Reached target Cloud-config availability.
[[0;32m  OK  [0m] Reached target Network is Online.
[962]: Your public key has been saved in /etc/ssh/ssh_host_dsa_key.pub.
[   16.778001] cloud-init[962]: The key fingerprint is:
[   16.778830] cloud-init[962]: SHA256:4tjAs6azwR3WKbK1JbdpjPTA+frFSxLySkNmoa3FMbI root@ubuntu-xenial
[   16.784205] cloud-init[962]: The key's randomart image is:
[   16.784988] cloud-init[962]: +---[DSA 1024]----+
[   16.792448] cloud-init[962]: |                 |
         Starting iSCSI initiator daemon (iscsid)...
[[0;32m  OK  [0m] Reached target System Initialization.
[   16.795908] cloud-init[962]: |                 |
[   16.804304] cloud-init[962]: |  . +            |
[   16.805789] cloud-init[962]: |   O * .         |
[   16.806705] cloud-init[962]: |  E ^ B S        |
[   16.813249] cloud-init[962]: | . & ^ *         |
[[0;32m  OK  [0m] Started ACPI Events Check.
[[0;32m  OK  [0m] Reached target Paths.
[[0;32m  OK  [0m] Listening on ACPID Listen Socket.
[[0;32m  OK  [0m] Started Ubuntu Advantage update messaging.
         Starting Socket activation for snappy daemon.
[   16.823012] cloud-init[962]: |  = X % +        |
[   16.840306] cloud-init[962]: |  .= = + .       |
[   16.840724] cloud-init[962]: |  ooo.. .        |
[[0;32m  OK  [0m] Started Message of the Day.
[[   16.840805] [0;32m  OK  [0mcloud-init] [962]: Listening on D-Bus System Message Bus Socket.+----[SHA256]-----+

[   16.848737] cloud-init[962]: Generating public/private ecdsa key pair.
[[   16.848992] [0;32m  OK  [0mcloud-init] [962]: Listening on UUID daemon activation socket.Your identification has been saved in /etc/ssh/ssh_host_ecdsa_key.

[   16.849055] cloud-init[962]: Your public key has been saved in /etc/ssh/ssh_host_ecdsa_key.pub.
[[0;32m  OK  [0m] Started Daily apt download activities.
[[   16.856662] [0;32m  OK  [0mcloud-init] [962]: Started Daily apt upgrade and clean activities.The key fingerprint is:

[   16.865903] cloud-init[962]: SHA256:u57cl7i6rk6czT2TC+k5lstYv9RFivhR3ScSLrmzqSY root@ubuntu-xenial
[   16.866915] cloud-init[962]: The key's randomart image is:
[   16.872537] cloud-init[962]: +---[ECDSA 256]---+
[   16.872796] cloud-init[962]: |            .    |
         Starting LXD - unix socket.
[[   16.872839] [0;32m  OK  [0mcloud-init] [962]: Started Daily Cleanup of Temporary Directories.|           o o . |

[   16.888332] cloud-init[962]: |          o + + o|
[   16.888577] [cloud-init[0;32m  OK  [0m[962]: ] |         . = + ..|Reached target Timers.

[   16.888642] cloud-init[962]: |        S = . .  |
[   16.897296] cloud-init[962]: |     . + = B .   |
[   16.898158] cloud-init[962]: |      + B.X...   |
[   16.904286] cloud-init[962]: |     .E*=X.+o    |
[   16.905137] cloud-init[962]: |     .+B#=*+     |
[   16.913296] cloud-init[962]: +----[SHA256]-----+
[   16.913547] [cloud-init[0;32m  OK  [0m[962]: ] Generating public/private ed25519 key pair.Listening on Socket activation for snappy daemon.

[   16.913611] cloud-init[962]: Your identification has been saved in /etc/ssh/ssh_host_ed25519_key.
[   16.924890] cloud-init[962]: Your public key has been saved in /etc/ssh/ssh_host_ed25519_key.pub.
[   16.925203] cloud-init[962]: The key fingerprint is:
[   16.925261] cloud-init[962]: SHA256:QUgz5CtO+AP+PEcaSrhDtNmLRSpLjlcELihcb7WZtbw root@ubuntu-xenial
[[0;32m  OK  [0m] Listening on LXD - unix socket.
[   16.925326] cloud-init[962]: The key's randomart image is:
[   16.927945] cloud-init[962]: +--[ED25519 256]--+
[   16.928817] cloud-init[962]: |     o=..        |
[   16.929072] cloud-init[962]: |  .. ..= .       |
[   16.929737] cloud-init[962]: |o.... o B .      |
[   16.930131] cloud-init[962]: |+o.o.o = +       |
[   16.930435] cloud-init[962]: |ooO.+ . S .      |
[   16.930904] cloud-init[962]: |oB.Bo..  E       |
[   16.931205] cloud-init[962]: |*++o=+           |
[   16.931512] cloud-init[962]: |=oo+o..          |
[   16.931834] cloud-init[962]: | o  oo           |
[   16.932637] cloud-init[962]: +----[SHA256]-----+
[[0;32m  OK  [0m] Reached target Sockets.
[[0;32m  OK  [0m] Reached target Basic System.
         Starting Login Service...
[[0;32m  OK  [0m] Started Regular background program processing daemon.
         Starting System Logging Service...
[[0;32m  OK  [0m] Started ACPI event daemon.
[[0;32m  OK  [0m] Started D-Bus System Message Bus.
[[0;32m  OK  [0m] Started Deferred execution scheduler.
         Starting Pollinate to seed the pseudo random number generator...
         Starting LSB: MD monitoring daemon...
         Starting LSB: Record successful boot for GRUB...
         Starting /etc/rc.local Compatibility...
[[0;32m  OK  [0m] Started FUSE filesystem for LXC.
         Starting LXD - container startup/shutdown...
         Starting Virtualbox guest utils...
         Starting Accounts Service...
         Starting Snap Daemon...
[[0;32m  OK  [0m] Started System Logging Service.
[[0;32m  OK  [0m] Started iSCSI initiator daemon (iscsid).
[[0;32m  OK  [0m] Started /etc/rc.local Compatibility.
         Starting Login to default iSCSI targets...
[[0;32m  OK  [0m] Started Login Service.
[[0;32m  OK  [0m] Started Unattended Upgrades Shutdown.
[[0;32m  OK  [0m] Started LSB: Record successful boot for GRUB.
[[0;32m  OK  [0m] Started LSB: MD monitoring daemon.
[[0;32m  OK  [0m] Started Login to default iSCSI targets.
[[0;32m  OK  [0m] Reached target Remote File Systems (Pre).
[[0;32m  OK  [0m] Reached target Remote File Systems.
         Starting LSB: Set the CPU Frequency Scaling governor to "ondemand"...
         Starting LSB: daemon to balance interrupts for SMP systems...
         Starting LSB: automatic crash report generation...
         Starting Permit User Sessions...
[[0;32m  OK  [0m] Started LSB: Set the CPU Frequency Scaling governor to "ondemand".
[[0;32m  OK  [0m] Started Permit User Sessions.
         Starting Hold until boot process finishes up...
         Starting Terminate Plymouth Boot Screen...
[[0;32m  OK  [0m] Started Hold until boot process finishes up.
[[0;32m  OK  [0m] Started Getty on tty1.
[[0;32m  OK  [0m] Started Serial Getty on ttyS0.
[[0;32m  OK  [0m] Reached target Login Prompts.
         Starting Set console scheme...
[[0;32m  OK  [0m] Started Terminate Plymouth Boot Screen.
[[0;32m  OK  [0m] Started Set console scheme.
[[0;32m  OK  [0m] Started LSB: automatic crash report generation.
[[0;32m  OK  [0m] Started LSB: daemon to balance interrupts for SMP systems.
[[0;32m  OK  [0m] Started Virtualbox guest utils.
         Starting Authenticate and Authorize Users to Run Privileged Tasks...
[[0;32m  OK  [0m] Started Authenticate and Authorize Users to Run Privileged Tasks.
[[0;32m  OK  [0m] Started Accounts Service.
[[0;32m  OK  [0m] Started Pollinate to seed the pseudo random number generator.
         Starting OpenBSD Secure Shell server...
[[0;32m  OK  [0m] Started OpenBSD Secure Shell server.

Ubuntu 16.04.7 LTS ubuntu-xenial ttyS0

ubuntu-xenial login: [   26.734892] cloud-init[1443]: Generating locales (this might take a while)...
[   27.933213] cloud-init[1443]:   en_US.UTF-8... done
[   27.934341] cloud-init[1443]: Generation complete.
[   29.314157] cloud-init[1443]: Cloud-init v. 21.1-19-gbad84ad4-0ubuntu1~16.04.2 running 'modules:config' at Tue, 16 Aug 2022 06:41:27 +0000. Up 26.45 seconds.
ci-info: no authorized SSH keys fingerprints found for user ubuntu.
<14>Aug 16 06:41:30 ec2: 
<14>Aug 16 06:41:30 ec2: #############################################################
<14>Aug 16 06:41:30 ec2: -----BEGIN SSH HOST KEY FINGERPRINTS-----
<14>Aug 16 06:41:30 ec2: 1024 SHA256:4tjAs6azwR3WKbK1JbdpjPTA+frFSxLySkNmoa3FMbI root@ubuntu-xenial (DSA)
<14>Aug 16 06:41:30 ec2: 256 SHA256:u57cl7i6rk6czT2TC+k5lstYv9RFivhR3ScSLrmzqSY root@ubuntu-xenial (ECDSA)
<14>Aug 16 06:41:30 ec2: 256 SHA256:QUgz5CtO+AP+PEcaSrhDtNmLRSpLjlcELihcb7WZtbw root@ubuntu-xenial (ED25519)
<14>Aug 16 06:41:30 ec2: 2048 SHA256:ZSQRHki4taZ39JsiV8xqb/oXfhekhFcjOVG2B5rq1/M root@ubuntu-xenial (RSA)
<14>Aug 16 06:41:30 ec2: -----END SSH HOST KEY FINGERPRINTS-----
<14>Aug 16 06:41:30 ec2: #############################################################
-----BEGIN SSH HOST KEY KEYS-----
ecdsa-sha2-nistp256 AAAAE2VjZHNhLXNoYTItbmlzdHAyNTYAAAAIbmlzdHAyNTYAAABBBEGK9wW+AT3W5cBHEd6zOo4Asn2dy5vhJbWiRkiniq4Je96Lsm1wAcLEmf2xGI2dpUF19qlkf/GkIIjC5mjwnlc= root@ubuntu-xenial
ssh-ed25519 AAAAC3NzaC1lZDI1NTE5AAAAIEMIvDo4ESmKlpt+gm+EfsRzEg1ZRKBMyfrzXnA1ylws root@ubuntu-xenial
ssh-rsa AAAAB3NzaC1yc2EAAAADAQABAAABAQDCsferpUg+3lg8X0b4XkwHk7vkyKTvcVwwlhCMHgeVH9ncoO/8WLxxXQY1ox+xdLiNmWIX7JYQ77Lo6czn1wT1bl9ugO2x7+P8OQjdV0Wb7WWA2xrHuYYClUEeXTj/hoCVSLYnlrvhuWVNvcsaxzrPvdBEdMl21ekMolS91QHwGTqBSkbM4U6yqVLOoByBnh3m8WSCZhgAPhJbu500DlJipdShWWLmNvntcmxUL3tk7IEV+4yQvHqhKjMVdKjov+6UyCIPhtTPlcB5d/KkT3xEm0Tvopb40mztlyKdp1Lcjfghq+bnP+U7ccmR6v7/iyyKEebbW51a/SeOD+Kr3x2t root@ubuntu-xenial
-----END SSH HOST KEY KEYS-----
[   30.072341] cloud-init[1849]: Cloud-init v. 21.1-19-gbad84ad4-0ubuntu1~16.04.2 running 'modules:final' at Tue, 16 Aug 2022 06:41:30 +0000. Up 29.78 seconds.
[   30.072566] cloud-init[1849]: ci-info: no authorized SSH keys fingerprints found for user ubuntu.
[   30.073109] cloud-init[1849]: Cloud-init v. 21.1-19-gbad84ad4-0ubuntu1~16.04.2 finished at Tue, 16 Aug 2022 06:41:30 +0000. Datasource DataSourceNoCloud [seed=/dev/sdb][dsmode=net].  Up 30.05 seconds
